# JRE version: OpenJDK Runtime Environment (8.0_152-b01) (build 1.8.0_152-release-1248-b01)
# Java VM: OpenJDK 64-Bit Server VM (25.152-b01 mixed mode windows-amd64 compressed oops)
Heap:
 PSYoungGen      total 299520K, used 99102K [0x00000000e0000000, 0x00000000f4800000, 0x0000000100000000)
  eden space 265216K, 29% used [0x00000000e0000000,0x00000000e4bd6ee8,0x00000000f0300000)
  from space 34304K, 62% used [0x00000000f2580000,0x00000000f3a70a10,0x00000000f4700000)
  to   space 35328K, 0% used [0x00000000f0300000,0x00000000f0300000,0x00000000f2580000)
 ParOldGen       total 125952K, used 50635K [0x00000000a0000000, 0x00000000a7b00000, 0x00000000e0000000)
  object space 125952K, 40% used [0x00000000a0000000,0x00000000a3172fb0,0x00000000a7b00000)
 Metaspace       used 80760K, capacity 83346K, committed 83584K, reserved 1122304K
  class space    used 10247K, capacity 10880K, committed 10880K, reserved 1048576K
GC Heap History (10 events):
Event: 44.678 GC heap before
{Heap before GC invocations=19 (full 3):
 PSYoungGen      total 235008K, used 15757K [0x00000000e0000000, 0x00000000efe00000, 0x0000000100000000)
  eden space 218112K, 0% used [0x00000000e0000000,0x00000000e0000000,0x00000000ed500000)
  from space 16896K, 93% used [0x00000000ee780000,0x00000000ef6e3650,0x00000000ef800000)
  to   space 18944K, 0% used [0x00000000ed500000,0x00000000ed500000,0x00000000ee780000)
 ParOldGen       total 83456K, used 29174K [0x00000000a0000000, 0x00000000a5180000, 0x00000000e0000000)
  object space 83456K, 34% used [0x00000000a0000000,0x00000000a1c7d8d0,0x00000000a5180000)
 Metaspace       used 57787K, capacity 59036K, committed 59096K, reserved 1101824K
  class space    used 7464K, capacity 7798K, committed 7808K, reserved 1048576K
Event: 44.969 GC heap after
Heap after GC invocations=19 (full 3):
 PSYoungGen      total 235008K, used 0K [0x00000000e0000000, 0x00000000efe00000, 0x0000000100000000)
  eden space 218112K, 0% used [0x00000000e0000000,0x00000000e0000000,0x00000000ed500000)
  from space 16896K, 0% used [0x00000000ee780000,0x00000000ee780000,0x00000000ef800000)
  to   space 18944K, 0% used [0x00000000ed500000,0x00000000ed500000,0x00000000ee780000)
 ParOldGen       total 125952K, used 33699K [0x00000000a0000000, 0x00000000a7b00000, 0x00000000e0000000)
  object space 125952K, 26% used [0x00000000a0000000,0x00000000a20e8f30,0x00000000a7b00000)
 Metaspace       used 57747K, capacity 58924K, committed 59096K, reserved 1101824K
  class space    used 7452K, capacity 7783K, committed 7808K, reserved 1048576K
}
Event: 59.790 GC heap before
{Heap before GC invocations=20 (full 3):
 PSYoungGen      total 235008K, used 218112K [0x00000000e0000000, 0x00000000efe00000, 0x0000000100000000)
  eden space 218112K, 100% used [0x00000000e0000000,0x00000000ed500000,0x00000000ed500000)
  from space 16896K, 0% used [0x00000000ee780000,0x00000000ee780000,0x00000000ef800000)
  to   space 18944K, 0% used [0x00000000ed500000,0x00000000ed500000,0x00000000ee780000)
 ParOldGen       total 125952K, used 33707K [0x00000000a0000000, 0x00000000a7b00000, 0x00000000e0000000)
  object space 125952K, 26% used [0x00000000a0000000,0x00000000a20eaf40,0x00000000a7b00000)
 Metaspace       used 67950K, capacity 69942K, committed 70272K, reserved 1110016K
  class space    used 9018K, capacity 9506K, committed 9600K, reserved 1048576K
Event: 59.825 GC heap after
Heap after GC invocations=20 (full 3):
 PSYoungGen      total 237056K, used 18252K [0x00000000e0000000, 0x00000000f1f80000, 0x0000000100000000)
  eden space 218112K, 0% used [0x00000000e0000000,0x00000000e0000000,0x00000000ed500000)
  from space 18944K, 96% used [0x00000000ed500000,0x00000000ee6d3198,0x00000000ee780000)
  to   space 22016K, 0% used [0x00000000f0a00000,0x00000000f0a00000,0x00000000f1f80000)
 ParOldGen       total 125952K, used 33715K [0x00000000a0000000, 0x00000000a7b00000, 0x00000000e0000000)
  object space 125952K, 26% used [0x00000000a0000000,0x00000000a20ecf40,0x00000000a7b00000)
 Metaspace       used 67950K, capacity 69942K, committed 70272K, reserved 1110016K
  class space    used 9018K, capacity 9506K, committed 9600K, reserved 1048576K
}
Event: 82.051 GC heap before
{Heap before GC invocations=21 (full 3):
 PSYoungGen      total 237056K, used 236364K [0x00000000e0000000, 0x00000000f1f80000, 0x0000000100000000)
  eden space 218112K, 100% used [0x00000000e0000000,0x00000000ed500000,0x00000000ed500000)
  from space 18944K, 96% used [0x00000000ed500000,0x00000000ee6d3198,0x00000000ee780000)
  to   space 22016K, 0% used [0x00000000f0a00000,0x00000000f0a00000,0x00000000f1f80000)
 ParOldGen       total 125952K, used 33718K [0x00000000a0000000, 0x00000000a7b00000, 0x00000000e0000000)
  object space 125952K, 26% used [0x00000000a0000000,0x00000000a20eda88,0x00000000a7b00000)
 Metaspace       used 69554K, capacity 71514K, committed 71680K, reserved 1112064K
  class space    used 9125K, capacity 9634K, committed 9728K, reserved 1048576K
Event: 82.132 GC heap after
Heap after GC invocations=21 (full 3):
 PSYoungGen      total 262656K, used 22006K [0x00000000e0000000, 0x00000000f2f00000, 0x0000000100000000)
  eden space 240640K, 0% used [0x00000000e0000000,0x00000000e0000000,0x00000000eeb00000)
  from space 22016K, 99% used [0x00000000f0a00000,0x00000000f1f7d9d0,0x00000000f1f80000)
  to   space 31744K, 0% used [0x00000000eeb00000,0x00000000eeb00000,0x00000000f0a00000)
 ParOldGen       total 125952K, used 50619K [0x00000000a0000000, 0x00000000a7b00000, 0x00000000e0000000)
  object space 125952K, 40% used [0x00000000a0000000,0x00000000a316efb0,0x00000000a7b00000)
 Metaspace       used 69554K, capacity 71514K, committed 71680K, reserved 1112064K
  class space    used 9125K, capacity 9634K, committed 9728K, reserved 1048576K
}
Event: 261.990 GC heap before
{Heap before GC invocations=22 (full 3):
 PSYoungGen      total 262656K, used 262646K [0x00000000e0000000, 0x00000000f2f00000, 0x0000000100000000)
  eden space 240640K, 100% used [0x00000000e0000000,0x00000000eeb00000,0x00000000eeb00000)
  from space 22016K, 99% used [0x00000000f0a00000,0x00000000f1f7d9d0,0x00000000f1f80000)
  to   space 31744K, 0% used [0x00000000eeb00000,0x00000000eeb00000,0x00000000f0a00000)
 ParOldGen       total 125952K, used 50619K [0x00000000a0000000, 0x00000000a7b00000, 0x00000000e0000000)
  object space 125952K, 40% used [0x00000000a0000000,0x00000000a316efb0,0x00000000a7b00000)
 Metaspace       used 75463K, capacity 77976K, committed 78208K, reserved 1118208K
  class space    used 9714K, capacity 10363K, committed 10368K, reserved 1048576K
Event: 262.022 GC heap after
Heap after GC invocations=22 (full 3):
 PSYoungGen      total 272384K, used 23815K [0x00000000e0000000, 0x00000000f4700000, 0x0000000100000000)
  eden space 240640K, 0% used [0x00000000e0000000,0x00000000e0000000,0x00000000eeb00000)
  from space 31744K, 75% used [0x00000000eeb00000,0x00000000f0241d08,0x00000000f0a00000)
  to   space 34304K, 0% used [0x00000000f2580000,0x00000000f2580000,0x00000000f4700000)
 ParOldGen       total 125952K, used 50627K [0x00000000a0000000, 0x00000000a7b00000, 0x00000000e0000000)
  object space 125952K, 40% used [0x00000000a0000000,0x00000000a3170fb0,0x00000000a7b00000)
 Metaspace       used 75463K, capacity 77976K, committed 78208K, reserved 1118208K
  class space    used 9714K, capacity 10363K, committed 10368K, reserved 1048576K
}
Event: 285.271 GC heap before
{Heap before GC invocations=23 (full 3):
 PSYoungGen      total 272384K, used 264455K [0x00000000e0000000, 0x00000000f4700000, 0x0000000100000000)
  eden space 240640K, 100% used [0x00000000e0000000,0x00000000eeb00000,0x00000000eeb00000)
  from space 31744K, 75% used [0x00000000eeb00000,0x00000000f0241d08,0x00000000f0a00000)
  to   space 34304K, 0% used [0x00000000f2580000,0x00000000f2580000,0x00000000f4700000)
 ParOldGen       total 125952K, used 50627K [0x00000000a0000000, 0x00000000a7b00000, 0x00000000e0000000)
  object space 125952K, 40% used [0x00000000a0000000,0x00000000a3170fb0,0x00000000a7b00000)
 Metaspace       used 80749K, capacity 83282K, committed 83584K, reserved 1122304K
  class space    used 10247K, capacity 10880K, committed 10880K, reserved 1048576K
Event: 286.416 GC heap after
Heap after GC invocations=23 (full 3):
 PSYoungGen      total 299520K, used 21442K [0x00000000e0000000, 0x00000000f4800000, 0x0000000100000000)
  eden space 265216K, 0% used [0x00000000e0000000,0x00000000e0000000,0x00000000f0300000)
  from space 34304K, 62% used [0x00000000f2580000,0x00000000f3a70a10,0x00000000f4700000)
  to   space 35328K, 0% used [0x00000000f0300000,0x00000000f0300000,0x00000000f2580000)
 ParOldGen       total 125952K, used 50635K [0x00000000a0000000, 0x00000000a7b00000, 0x00000000e0000000)
  object space 125952K, 40% used [0x00000000a0000000,0x00000000a3172fb0,0x00000000a7b00000)
 Metaspace       used 80749K, capacity 83282K, committed 83584K, reserved 1122304K
  class space    used 10247K, capacity 10880K, committed 10880K, reserved 1048576K
}

